<?xml version="1.0" encoding="UTF-8" ?>
<testsuite errors="0" failures="0" hostname="LMC-MAC-R46-3.local" name="esg.saml.auth.service.impl.SAMLStatementFacadeImplTest" tests="8" time="1.625" timestamp="2010-07-21T09:47:58">
  <properties>
    <property name="file.encoding.pkg" value="sun.io" />
    <property name="ivy.retrieve.pattern.ivy.instance" value="/Users/cinquini/Documents/workspace/esg-saml/lib/fetched/[artifact]-[revision](-[classifier]).[ext]" />
    <property name="java.vendor.url.ivy.instance" value="http://www.apple.com/" />
    <property name="ivy.local.default.ivy.pattern.ivy.instance" value="[organisation]/[module]/[revision]/[type]s/[artifact].[ext]" />
    <property name="ivy.project.dir.ivy.instance" value="/Users/cinquini/Documents/workspace/esg-saml" />
    <property name="doc_dir_generated" value="/Users/cinquini/Documents/workspace/esg-saml/docs-generated" />
    <property name="ivy.resolve.default.type.filter" value="*" />
    <property name="java.home" value="/System/Library/Frameworks/JavaVM.framework/Versions/1.6.0/Home" />
    <property name="ivy.configurations.ivy.instance" value="*" />
    <property name="env.DISPLAY" value="/tmp/launch-IWztpa/org.x:0" />
    <property name="ivy.basedir.ivy.instance" value="/Users/cinquini/Documents/workspace/esg-saml" />
    <property name="ivy.dep.file.ivy.instance" value="ivy.xml" />
    <property name="depcache_dir" value="/var/folders/SY/SYJg-mLQE1Cc0xD6X6hLo++++TM/-Tmp-//esg-saml/depcache" />
    <property name="java.endorsed.dirs" value="/System/Library/Frameworks/JavaVM.framework/Versions/1.6.0/Home/lib/endorsed" />
    <property name="java.class.path.ivy.instance" value="/Users/cinquini/myApplications/eclipse/plugins/org.apache.ant_1.7.1.v20090120-1145/lib/ant.jar:/Users/cinquini/myApplications/eclipse/plugins/org.apache.ant_1.7.1.v20090120-1145/lib/ant-antlr.jar:/Users/cinquini/myApplications/eclipse/plugins/org.apache.ant_1.7.1.v20090120-1145/lib/ant-apache-bcel.jar:/Users/cinquini/myApplications/eclipse/plugins/org.apache.ant_1.7.1.v20090120-1145/lib/ant-apache-bsf.jar:/Users/cinquini/myApplications/eclipse/plugins/org.apache.ant_1.7.1.v20090120-1145/lib/ant-apache-log4j.jar:/Users/cinquini/myApplications/eclipse/plugins/org.apache.ant_1.7.1.v20090120-1145/lib/ant-apache-oro.jar:/Users/cinquini/myApplications/eclipse/plugins/org.apache.ant_1.7.1.v20090120-1145/lib/ant-apache-regexp.jar:/Users/cinquini/myApplications/eclipse/plugins/org.apache.ant_1.7.1.v20090120-1145/lib/ant-apache-resolver.jar:/Users/cinquini/myApplications/eclipse/plugins/org.apache.ant_1.7.1.v20090120-1145/lib/ant-commons-logging.jar:/Users/cinquini/myApplications/eclipse/plugins/org.apache.ant_1.7.1.v20090120-1145/lib/ant-commons-net.jar:/Users/cinquini/myApplications/eclipse/plugins/org.apache.ant_1.7.1.v20090120-1145/lib/ant-jai.jar:/Users/cinquini/myApplications/eclipse/plugins/org.apache.ant_1.7.1.v20090120-1145/lib/ant-javamail.jar:/Users/cinquini/myApplications/eclipse/plugins/org.apache.ant_1.7.1.v20090120-1145/lib/ant-jdepend.jar:/Users/cinquini/myApplications/eclipse/plugins/org.apache.ant_1.7.1.v20090120-1145/lib/ant-jmf.jar:/Users/cinquini/myApplications/eclipse/plugins/org.apache.ant_1.7.1.v20090120-1145/lib/ant-jsch.jar:/Users/cinquini/myApplications/eclipse/plugins/org.apache.ant_1.7.1.v20090120-1145/lib/ant-junit.jar:/Users/cinquini/myApplications/eclipse/plugins/org.apache.ant_1.7.1.v20090120-1145/lib/ant-launcher.jar:/Users/cinquini/myApplications/eclipse/plugins/org.apache.ant_1.7.1.v20090120-1145/lib/ant-netrexx.jar:/Users/cinquini/myApplications/eclipse/plugins/org.apache.ant_1.7.1.v20090120-1145/lib/ant-nodeps.jar:/Users/cinquini/myApplications/eclipse/plugins/org.apache.ant_1.7.1.v20090120-1145/lib/ant-starteam.jar:/Users/cinquini/myApplications/eclipse/plugins/org.apache.ant_1.7.1.v20090120-1145/lib/ant-stylebook.jar:/Users/cinquini/myApplications/eclipse/plugins/org.apache.ant_1.7.1.v20090120-1145/lib/ant-swing.jar:/Users/cinquini/myApplications/eclipse/plugins/org.apache.ant_1.7.1.v20090120-1145/lib/ant-trax.jar:/Users/cinquini/myApplications/eclipse/plugins/org.apache.ant_1.7.1.v20090120-1145/lib/ant-weblogic.jar:/Users/cinquini/myApplications/eclipse/configuration/org.eclipse.osgi/bundles/48/1/.cp/lib/remoteAnt.jar:/Users/cinquini/myApplications/eclipse/plugins/org.eclipse.swt.cocoa.macosx_3.5.2.v3557f.jar" />
    <property name="env.LOGNAME" value="cinquini" />
    <property name="ivy.home" value="/Users/cinquini/.ivy2" />
    <property name="env.JAVA_MAIN_CLASS_4298" value="org.eclipse.ant.internal.ui.antsupport.InternalAntRunner" />
    <property name="ftp.nonProxyHosts.ivy.instance" value="local|*.local|169.254/16|*.169.254/16" />
    <property name="java.vm.specification.vendor.ivy.instance" value="Sun Microsystems Inc." />
    <property name="sun.os.patch.level" value="unknown" />
    <property name="ivy.dep.file" value="ivy.xml" />
    <property name="java.vendor.url" value="http://www.apple.com/" />
    <property name="ivy.local.default.artifact.pattern.ivy.instance" value="[organisation]/[module]/[revision]/[type]s/[artifact].[ext]" />
    <property name="ivy.lib.dir.ivy.instance" value="/Users/cinquini/Documents/workspace/esg-saml/lib" />
    <property name="log_config" value="/Users/cinquini/Documents/workspace/esg-saml/etc/conf/log4j.properties" />
    <property name="lib_deps_reports_dir" value="/Users/cinquini/Documents/workspace/esg-saml/docs-generated/dep-reports" />
    <property name="java.version" value="1.6.0_20" />
    <property name="eclipse.pdebuild.home" value="/Users/cinquini/myApplications/eclipse/plugins/org.eclipse.pde.build_3.5.2.R35x_20100114/.//" />
    <property name="ivy.conf.dir.ivy.instance" value="jar:file:/Users/cinquini/Documents/workspace/esg-saml/lib/ivy-2.1.0.jar!/org/apache/ivy/core/settings" />
    <property name="sun.boot.library.path.ivy.instance" value="/System/Library/Frameworks/JavaVM.framework/Versions/1.6.0/Libraries" />
    <property name="ivy.report.output.pattern.ivy.instance" value="[organisation]-[module]-[conf].[ext]" />
    <property name="ivy.module" value="esg-saml" />
    <property name="ivy.publish.src.artifacts.pattern.ivy.instance" value="/Users/cinquini/Documents/workspace/esg-saml/distrib/[type]s/[artifact]-[revision](-[classifier]).[ext]" />
    <property name="javadoc_link_src" value="true" />
    <property name="java.vendor.url.bug" value="http://bugreport.apple.com/" />
    <property name="sun.management.compiler.ivy.instance" value="HotSpot 64-Bit Server Compiler" />
    <property name="db.database" value="&lt;database_name&gt;" />
    <property name="ivy.local.default.artifact.pattern" value="[organisation]/[module]/[revision]/[type]s/[artifact].[ext]" />
    <property name="os.name.ivy.instance" value="Mac OS X" />
    <property name="ivy.default.ivy.user.dir.ivy.instance" value="/Users/cinquini/.ivy2" />
    <property name="ivy.default.always.check.exact.revision" value="false" />
    <property name="ivy.default.settings.dir.ivy.instance" value="jar:file:/Users/cinquini/Documents/workspace/esg-saml/lib/ivy-2.1.0.jar!/org/apache/ivy/core/settings" />
    <property name="user.name" value="cinquini" />
    <property name="sun.io.unicode.encoding" value="UnicodeLittle" />
    <property name="ivy.shared.default.root.ivy.instance" value="/Users/cinquini/.ivy2/shared" />
    <property name="sun.jnu.encoding" value="MacRoman" />
    <property name="java.runtime.name" value="Java(TM) SE Runtime Environment" />
    <property name="ant.home.ivy.instance" value="/Users/cinquini/myApplications/eclipse/plugins/org.apache.ant_1.7.1.v20090120-1145" />
    <property name="file.encoding.ivy.instance" value="MacRoman" />
    <property name="ivy.cache.ttl.default.ivy.instance" value="10s" />
    <property name="java.specification.vendor.ivy.instance" value="Sun Microsystems Inc." />
    <property name="java.vendor.ivy.instance" value="Apple Inc." />
    <property name="sun.cpu.isalist.ivy.instance" value="" />
    <property name="java.specification.name" value="Java Platform API Specification" />
    <property name="ftp.nonProxyHosts" value="local|*.local|169.254/16|*.169.254/16" />
    <property name="user.timezone" value="" />
    <property name="java.endorsed.dirs.ivy.instance" value="/System/Library/Frameworks/JavaVM.framework/Versions/1.6.0/Home/lib/endorsed" />
    <property name="jdoc_dir" value="/Users/cinquini/Documents/workspace/esg-saml/docs-generated/javadocs" />
    <property name="env.APP_ICON_4185" value="../Resources/Eclipse.icns" />
    <property name="path.separator" value=":" />
    <property name="jaxb_gen_src_dir" value="/Users/cinquini/Documents/workspace/esg-saml/src/java/main/esg/common/generated" />
    <property name="java.class.version.ivy.instance" value="50.0" />
    <property name="ivy.default.conf.dir" value="jar:file:/Users/cinquini/Documents/workspace/esg-saml/lib/ivy-2.1.0.jar!/org/apache/ivy/core/settings" />
    <property name="file.encoding" value="MacRoman" />
    <property name="build_dir" value="/Users/cinquini/Documents/workspace/esg-saml/build" />
    <property name="java.runtime.name.ivy.instance" value="Java(TM) SE Runtime Environment" />
    <property name="ivy.resolve.default.type.filter.ivy.instance" value="*" />
    <property name="ivy.targets.copied" value="false" />
    <property name="env.HOME" value="/Users/cinquini" />
    <property name="ivy_version" value="2.1.0" />
    <property name="db.port" value="5432" />
    <property name="socksNonProxyHosts" value="local|*.local|169.254/16|*.169.254/16" />
    <property name="ivy.shared.default.artifact.pattern" value="[organisation]/[module]/[revision]/[type]s/[artifact].[ext]" />
    <property name="ant.file" value="/Users/cinquini/Documents/workspace/esg-saml/build.xml" />
    <property name="ivy.distrib.dir.ivy.instance" value="/Users/cinquini/Documents/workspace/esg-saml/distrib" />
    <property name="ivy.checksums.ivy.instance" value="sha1,md5" />
    <property name="sun.arch.data.model.ivy.instance" value="64" />
    <property name="jaxb_gen_package" value="esg.common.generated" />
    <property name="ivy.build.artifacts.dir.ivy.instance" value="/Users/cinquini/Documents/workspace/esg-saml/build/artifacts" />
    <property name="ivy.settings.file" value="ivysettings.xml" />
    <property name="java.io.tmpdir" value="/var/folders/SY/SYJg-mLQE1Cc0xD6X6hLo++++TM/-Tmp-/" />
    <property name="ivy.buildlist.ivyfilepath.ivy.instance" value="ivy.xml" />
    <property name="TODAY" value="July 21 2010" />
    <property name="ivy.cache.ttl.default" value="10s" />
    <property name="user.language" value="en" />
    <property name="awt.nativeDoubleBuffering.ivy.instance" value="true" />
    <property name="user.dir.ivy.instance" value="/Users/cinquini/Documents/workspace/esg-saml" />
    <property name="_cp" value="/Users/cinquini/Documents/workspace/esg-saml/lib/XSGroupRole.jar
/Users/cinquini/Documents/workspace/esg-saml/lib/activation.jar
/Users/cinquini/Documents/workspace/esg-saml/lib/commons-beanutils.jar
/Users/cinquini/Documents/workspace/esg-saml/lib/commons-codec-1.4.jar
/Users/cinquini/Documents/workspace/esg-saml/lib/commons-collections.jar
/Users/cinquini/Documents/workspace/esg-saml/lib/commons-digester.jar
/Users/cinquini/Documents/workspace/esg-saml/lib/commons-httpclient-3.1.jar
/Users/cinquini/Documents/workspace/esg-saml/lib/commons-io.jar
/Users/cinquini/Documents/workspace/esg-saml/lib/commons-lang-2.1.jar
/Users/cinquini/Documents/workspace/esg-saml/lib/commons-logging.jar
/Users/cinquini/Documents/workspace/esg-saml/lib/easymock-2.4.jar
/Users/cinquini/Documents/workspace/esg-saml/lib/eske-utils-xml.jar
/Users/cinquini/Documents/workspace/esg-saml/lib/fetched/activation-1.1.jar
/Users/cinquini/Documents/workspace/esg-saml/lib/fetched/avalon-framework-4.1.3.jar
/Users/cinquini/Documents/workspace/esg-saml/lib/fetched/commons-logging-1.1.1.jar
/Users/cinquini/Documents/workspace/esg-saml/lib/fetched/jaxb-api-2.2.jar
/Users/cinquini/Documents/workspace/esg-saml/lib/fetched/jaxb-impl-2.2.jar
/Users/cinquini/Documents/workspace/esg-saml/lib/fetched/jaxb-xjc-2.2.jar
/Users/cinquini/Documents/workspace/esg-saml/lib/fetched/log4j-1.2.14.jar
/Users/cinquini/Documents/workspace/esg-saml/lib/fetched/logkit-1.0.1.jar
/Users/cinquini/Documents/workspace/esg-saml/lib/fetched/servlet-api-2.3.jar
/Users/cinquini/Documents/workspace/esg-saml/lib/fetched/stax-api-1.0-2.jar
/Users/cinquini/Documents/workspace/esg-saml/lib/hessian-3.0.20.jar
/Users/cinquini/Documents/workspace/esg-saml/lib/ivy-2.1.0.jar
/Users/cinquini/Documents/workspace/esg-saml/lib/jcl-over-slf4j-1.5.5.jar
/Users/cinquini/Documents/workspace/esg-saml/lib/jdom.jar
/Users/cinquini/Documents/workspace/esg-saml/lib/joda-time-1.5.2.jar
/Users/cinquini/Documents/workspace/esg-saml/lib/jstl.jar
/Users/cinquini/Documents/workspace/esg-saml/lib/log4j-1.2.15.jar
/Users/cinquini/Documents/workspace/esg-saml/lib/mail.jar
/Users/cinquini/Documents/workspace/esg-saml/lib/opensaml-2.2.3.jar
/Users/cinquini/Documents/workspace/esg-saml/lib/openws-1.2.2.jar
/Users/cinquini/Documents/workspace/esg-saml/lib/serializer-2.9.1.jar
/Users/cinquini/Documents/workspace/esg-saml/lib/slf4j-api-1.5.6.jar
/Users/cinquini/Documents/workspace/esg-saml/lib/slf4j-log4j12-1.5.6.jar
/Users/cinquini/Documents/workspace/esg-saml/lib/spring-aop.jar
/Users/cinquini/Documents/workspace/esg-saml/lib/spring-beans.jar
/Users/cinquini/Documents/workspace/esg-saml/lib/spring-context-support.jar
/Users/cinquini/Documents/workspace/esg-saml/lib/spring-context.jar
/Users/cinquini/Documents/workspace/esg-saml/lib/spring-core.jar
/Users/cinquini/Documents/workspace/esg-saml/lib/spring-jdbc.jar
/Users/cinquini/Documents/workspace/esg-saml/lib/spring-jms.jar
/Users/cinquini/Documents/workspace/esg-saml/lib/spring-orm.jar
/Users/cinquini/Documents/workspace/esg-saml/lib/spring-test.jar
/Users/cinquini/Documents/workspace/esg-saml/lib/spring-tx.jar
/Users/cinquini/Documents/workspace/esg-saml/lib/spring-web.jar
/Users/cinquini/Documents/workspace/esg-saml/lib/spring-webmvc-portlet.jar
/Users/cinquini/Documents/workspace/esg-saml/lib/spring-webmvc-struts.jar
/Users/cinquini/Documents/workspace/esg-saml/lib/spring-webmvc.jar
/Users/cinquini/Documents/workspace/esg-saml/lib/standard.jar
/Users/cinquini/Documents/workspace/esg-saml/lib/tiles-api-2.0.5.jar
/Users/cinquini/Documents/workspace/esg-saml/lib/tiles-core-2.0.5.jar
/Users/cinquini/Documents/workspace/esg-saml/lib/tiles-jsp-2.0.5.jar
/Users/cinquini/Documents/workspace/esg-saml/lib/velocity-1.5.jar
/Users/cinquini/Documents/workspace/esg-saml/lib/xalan-2.7.1.jar
/Users/cinquini/Documents/workspace/esg-saml/lib/xercesImpl-2.9.1.jar
/Users/cinquini/Documents/workspace/esg-saml/lib/xmlsec-1.4.2.jar
/Users/cinquini/Documents/workspace/esg-saml/lib/xmltooling-1.2.1.jar
/Users/cinquini/Documents/workspace/esg-saml/lib/xmlunit-1.2.jar
/Users/cinquini/Documents/workspace/esg-saml/lib/xsltc.jar
/Users/cinquini/Documents/workspace/esg-saml/build" />
    <property name="ivy.home.ivy.instance" value="/Users/cinquini/.ivy2" />
    <property name="line.separator" value="
" />
    <property name="java.specification.version.ivy.instance" value="1.6" />
    <property name="doc_dir" value="/Users/cinquini/Documents/workspace/esg-saml/docs" />
    <property name="ivy.build.artifacts.dir" value="/Users/cinquini/Documents/workspace/esg-saml/build/artifacts" />
    <property name="mrj.version.ivy.instance" value="1060.1.6.0_20-279" />
    <property name="sun.io.unicode.encoding.ivy.instance" value="UnicodeLittle" />
    <property name="ivy.status" value="integration" />
    <property name="java.vm.info" value="mixed mode" />
    <property name="ivy.lib.dir" value="/Users/cinquini/Documents/workspace/esg-saml/lib/fetched" />
    <property name="test_src_dir" value="/Users/cinquini/Documents/workspace/esg-saml/src/java/test" />
    <property name="db.user" value="&lt;user&gt;" />
    <property name="java.vm.specification.name" value="Java Virtual Machine Specification" />
    <property name="ivy.default.conf.dir.ivy.instance" value="jar:file:/Users/cinquini/Documents/workspace/esg-saml/lib/ivy-2.1.0.jar!/org/apache/ivy/core/settings" />
    <property name="ant.file.esg-saml" value="/Users/cinquini/Documents/workspace/esg-saml/build.xml" />
    <property name="env.__CF_USER_TEXT_ENCODING" value="0x1F6:0:0" />
    <property name="java.vm.version.ivy.instance" value="16.3-b01-279" />
    <property name="log_file" value="/esg/logs/esg-saml_v0.0.1.log" />
    <property name="http.nonProxyHosts" value="local|*.local|169.254/16|*.169.254/16" />
    <property name="user.name.ivy.instance" value="cinquini" />
    <property name="project_name" value="ESG-SAML" />
    <property name="ivy.cache.dir" value="/Users/cinquini/.ivy2/cache" />
    <property name="eclipse.pdebuild.templates" value="/Users/cinquini/myApplications/eclipse/plugins/org.eclipse.pde.build_3.5.2.R35x_20100114/templates//" />
    <property name="java.awt.printerjob" value="apple.awt.CPrinterJob" />
    <property name="db.host" value="localhost" />
    <property name="java.io.tmpdir.ivy.instance" value="/var/folders/SY/SYJg-mLQE1Cc0xD6X6hLo++++TM/-Tmp-/" />
    <property name="ant.version" value="Apache Ant version 1.7.1 compiled on June 27 2008" />
    <property name="java.home.ivy.instance" value="/System/Library/Frameworks/JavaVM.framework/Versions/1.6.0/Home" />
    <property name="java.vm.vendor.ivy.instance" value="Apple Inc." />
    <property name="dist_dir" value="/Users/cinquini/Documents/workspace/esg-saml/dist" />
    <property name="main_class" value="esg.saml.Main" />
    <property name="gopherProxySet" value="false" />
    <property name="ivy.default.settings.dir" value="jar:file:/Users/cinquini/Documents/workspace/esg-saml/lib/ivy-2.1.0.jar!/org/apache/ivy/core/settings" />
    <property name="test_results_dir" value="/Users/cinquini/Documents/workspace/esg-saml/docs-generated/test-results" />
    <property name="ivy.configurations" value="*" />
    <property name="test_reports_dir" value="/Users/cinquini/Documents/workspace/esg-saml/docs-generated/test-reports" />
    <property name="ivy.settings.url" value="jar:file:/Users/cinquini/Documents/workspace/esg-saml/lib/ivy-2.1.0.jar!/org/apache/ivy/core/settings/ivysettings.xml" />
    <property name="os.name" value="Mac OS X" />
    <property name="java.specification.vendor" value="Sun Microsystems Inc." />
    <property name="sun.jnu.encoding.ivy.instance" value="MacRoman" />
    <property name="ivy.deliver.ivy.pattern.ivy.instance" value="/Users/cinquini/Documents/workspace/esg-saml/distrib/[type]s/[artifact]-[revision](-[classifier]).[ext]" />
    <property name="mrj.build" value="10M3065" />
    <property name="ivy.checksums" value="sha1,md5" />
    <property name="java.vm.name" value="Java HotSpot(TM) 64-Bit Server VM" />
    <property name="http.nonProxyHosts.ivy.instance" value="local|*.local|169.254/16|*.169.254/16" />
    <property name="ivy.log.modules.in.use" value="false" />
    <property name="mrj.version" value="1060.1.6.0_20-279" />
    <property name="java.runtime.version.ivy.instance" value="1.6.0_20-b02-279-10M3065" />
    <property name="filter" value="false" />
    <property name="ivy.report.output.pattern" value="[organisation]-[module]-[conf].[ext]" />
    <property name="ivy.version" value="2.1.0" />
    <property name="java.library.path" value=".:/Users/cinquini/Library/Java/Extensions:/Library/Java/Extensions:/System/Library/Java/Extensions:/usr/lib/java" />
    <property name="ivy.conf.url" value="jar:file:/Users/cinquini/Documents/workspace/esg-saml/lib/ivy-2.1.0.jar!/org/apache/ivy/core/settings/ivysettings.xml" />
    <property name="jaxb_xsd_dir" value="/Users/cinquini/Documents/workspace/esg-saml/etc/xsd/" />
    <property name="java.vm.name.ivy.instance" value="Java HotSpot(TM) 64-Bit Server VM" />
    <property name="env.PATH" value="/usr/bin:/bin:/usr/sbin:/sbin" />
    <property name="line.separator.ivy.instance" value="
" />
    <property name="os.version.ivy.instance" value="10.6.3" />
    <property name="eclipse.pdebuild.scripts" value="/Users/cinquini/myApplications/eclipse/plugins/org.eclipse.pde.build_3.5.2.R35x_20100114/scripts//" />
    <property name="etc_dir" value="/Users/cinquini/Documents/workspace/esg-saml/etc" />
    <property name="sun.cpu.endian.ivy.instance" value="little" />
    <property name="ant.java.version" value="1.6" />
    <property name="env.JAVA_STARTED_ON_FIRST_THREAD_4185" value="1" />
    <property name="java.class.version" value="50.0" />
    <property name="basedir" value="/Users/cinquini/Documents/workspace/esg-saml" />
    <property name="java.vm.specification.name.ivy.instance" value="Java Virtual Machine Specification" />
    <property name="ivy.settings.url.ivy.instance" value="jar:file:/Users/cinquini/Documents/workspace/esg-saml/lib/ivy-2.1.0.jar!/org/apache/ivy/core/settings/ivysettings.xml" />
    <property name="sun.boot.class.path.ivy.instance" value="/System/Library/Frameworks/JavaVM.framework/Versions/1.6.0/Classes/jsfd.jar:/System/Library/Frameworks/JavaVM.framework/Versions/1.6.0/Classes/classes.jar:/System/Library/Frameworks/JavaVM.framework/Frameworks/JavaRuntimeSupport.framework/Resources/Java/JavaRuntimeSupport.jar:/System/Library/Frameworks/JavaVM.framework/Versions/1.6.0/Classes/ui.jar:/System/Library/Frameworks/JavaVM.framework/Versions/1.6.0/Classes/laf.jar:/System/Library/Frameworks/JavaVM.framework/Versions/1.6.0/Classes/sunrsasign.jar:/System/Library/Frameworks/JavaVM.framework/Versions/1.6.0/Classes/jsse.jar:/System/Library/Frameworks/JavaVM.framework/Versions/1.6.0/Classes/jce.jar:/System/Library/Frameworks/JavaVM.framework/Versions/1.6.0/Classes/charsets.jar" />
    <property name="path.separator.ivy.instance" value=":" />
    <property name="ant.home" value="/Users/cinquini/myApplications/eclipse/plugins/org.apache.ant_1.7.1.v20090120-1145" />
    <property name="web_dir" value="/Users/cinquini/Documents/workspace/esg-saml/web" />
    <property name="ivy.resolved.configurations" value="default" />
    <property name="ivy.deliver.ivy.pattern" value="/Users/cinquini/Documents/workspace/esg-saml/distrib/[type]s/[artifact]-[revision](-[classifier]).[ext]" />
    <property name="sun.boot.library.path" value="/System/Library/Frameworks/JavaVM.framework/Versions/1.6.0/Libraries" />
    <property name="ivy.default.always.check.exact.revision.ivy.instance" value="false" />
    <property name="java.library.path.ivy.instance" value=".:/Users/cinquini/Library/Java/Extensions:/Library/Java/Extensions:/System/Library/Java/Extensions:/usr/lib/java:/Users/cinquini/myApplications/eclipse/configuration/org.eclipse.osgi/bundles/534/1/.cp" />
    <property name="awt.toolkit.ivy.instance" value="apple.awt.CToolkit" />
    <property name="ivy.basedir" value="/Users/cinquini/Documents/workspace/esg-saml" />
    <property name="sun.management.compiler" value="HotSpot 64-Bit Server Compiler" />
    <property name="java.awt.graphicsenv" value="apple.awt.CGraphicsEnvironment" />
    <property name="java.ext.dirs.ivy.instance" value="/Users/cinquini/Library/Java/Extensions:/Library/Java/Extensions:/System/Library/Java/Extensions:/System/Library/Frameworks/JavaVM.framework/Versions/1.6.0/Home/lib/ext" />
    <property name="ivy.log.modules.in.use.ivy.instance" value="false" />
    <property name="env.USER" value="cinquini" />
    <property name="sun.os.patch.level.ivy.instance" value="unknown" />
    <property name="file.encoding.pkg.ivy.instance" value="sun.io" />
    <property name="ivy.shared.default.ivy.pattern" value="[organisation]/[module]/[revision]/[type]s/[artifact].[ext]" />
    <property name="ivy.resolver.default.check.modified" value="false" />
    <property name="ivy.settings.file.ivy.instance" value="ivysettings.xml" />
    <property name="build.compiler.emacs" value="true" />
    <property name="env.COMMAND_MODE" value="unix2003" />
    <property name="ivy.nb.targets.copied" value="0" />
    <property name="ant.project.name" value="esg-saml" />
    <property name="java.vm.specification.version" value="1.0" />
    <property name="ivy.cache.dir.ivy.instance" value="/Users/cinquini/.ivy2/cache" />
    <property name="src_dir" value="/Users/cinquini/Documents/workspace/esg-saml/src/java/main" />
    <property name="socksNonProxyHosts.ivy.instance" value="local|*.local|169.254/16|*.169.254/16" />
    <property name="ivy.status.ivy.instance" value="integration" />
    <property name="awt.toolkit" value="apple.awt.CToolkit" />
    <property name="sun.cpu.isalist" value="" />
    <property name="file.separator.ivy.instance" value="/" />
    <property name="ivy.deps.changed" value="false" />
    <property name="java.ext.dirs" value="/Users/cinquini/Library/Java/Extensions:/Library/Java/Extensions:/System/Library/Java/Extensions:/System/Library/Frameworks/JavaVM.framework/Versions/1.6.0/Home/lib/ext" />
    <property name="ivy.local.default.root.ivy.instance" value="/Users/cinquini/.ivy2/local" />
    <property name="os.version" value="10.6.3" />
    <property name="user.home" value="/Users/cinquini" />
    <property name="sun.java.launcher.ivy.instance" value="SUN_STANDARD" />
    <property name="java.vm.vendor" value="Apple Inc." />
    <property name="conf_dir" value="/Users/cinquini/Documents/workspace/esg-saml/etc/conf" />
    <property name="ivy.local.default.root" value="/Users/cinquini/.ivy2/local" />
    <property name="mrj.build.ivy.instance" value="10M3065" />
    <property name="ivy.organisation" value="esgf" />
    <property name="user.dir" value="/Users/cinquini/Documents/workspace/esg-saml" />
    <property name="ant.library.dir.ivy.instance" value="/Users/cinquini/myApplications/eclipse/plugins/org.apache.ant_1.7.1.v20090120-1145/lib" />
    <property name="ivy.local.default.ivy.pattern" value="[organisation]/[module]/[revision]/[type]s/[artifact].[ext]" />
    <property name="ivy.shared.default.ivy.pattern.ivy.instance" value="[organisation]/[module]/[revision]/[type]s/[artifact].[ext]" />
    <property name="build.compiler" value="javac1.5" />
    <property name="java.vm.info.ivy.instance" value="mixed mode" />
    <property name="ivy.publish.src.artifacts.pattern" value="/Users/cinquini/Documents/workspace/esg-saml/distrib/[type]s/[artifact]-[revision](-[classifier]).[ext]" />
    <property name="ivy.distrib.dir" value="/Users/cinquini/Documents/workspace/esg-saml/distrib" />
    <property name="sun.cpu.endian" value="little" />
    <property name="ivy.revision" value="working@LMC-MAC-R46-3.local" />
    <property name="db.protocol" value="jdbc:postgresql:" />
    <property name="user.timezone.ivy.instance" value="America/New_York" />
    <property name="env.TMPDIR" value="/var/folders/SY/SYJg-mLQE1Cc0xD6X6hLo++++TM/-Tmp-/" />
    <property name="test_last_failed_file" value="/Users/cinquini/Documents/workspace/esg-saml/build/.lasttestsfailed" />
    <property name="lib_dir" value="/Users/cinquini/Documents/workspace/esg-saml/lib" />
    <property name="java.vm.version" value="16.3-b01-279" />
    <property name="java.class.path" value="/Users/cinquini/Documents/workspace/esg-saml/lib/fetched/junit-4.8.1-sources.jar:/Users/cinquini/Documents/workspace/esg-saml/lib/fetched/junit-4.8.1.jar:/Users/cinquini/Documents/workspace/esg-saml/lib/junit-4.4.jar:/Users/cinquini/Documents/workspace/esg-saml/lib/XSGroupRole.jar:/Users/cinquini/Documents/workspace/esg-saml/lib/activation.jar:/Users/cinquini/Documents/workspace/esg-saml/lib/commons-beanutils.jar:/Users/cinquini/Documents/workspace/esg-saml/lib/commons-codec-1.4.jar:/Users/cinquini/Documents/workspace/esg-saml/lib/commons-collections.jar:/Users/cinquini/Documents/workspace/esg-saml/lib/commons-digester.jar:/Users/cinquini/Documents/workspace/esg-saml/lib/commons-httpclient-3.1.jar:/Users/cinquini/Documents/workspace/esg-saml/lib/commons-io.jar:/Users/cinquini/Documents/workspace/esg-saml/lib/commons-lang-2.1.jar:/Users/cinquini/Documents/workspace/esg-saml/lib/commons-logging.jar:/Users/cinquini/Documents/workspace/esg-saml/lib/easymock-2.4.jar:/Users/cinquini/Documents/workspace/esg-saml/lib/eske-utils-xml.jar:/Users/cinquini/Documents/workspace/esg-saml/lib/fetched/activation-1.1.jar:/Users/cinquini/Documents/workspace/esg-saml/lib/fetched/avalon-framework-4.1.3.jar:/Users/cinquini/Documents/workspace/esg-saml/lib/fetched/commons-logging-1.1.1.jar:/Users/cinquini/Documents/workspace/esg-saml/lib/fetched/jaxb-api-2.2.jar:/Users/cinquini/Documents/workspace/esg-saml/lib/fetched/jaxb-impl-2.2.jar:/Users/cinquini/Documents/workspace/esg-saml/lib/fetched/jaxb-xjc-2.2.jar:/Users/cinquini/Documents/workspace/esg-saml/lib/fetched/log4j-1.2.14.jar:/Users/cinquini/Documents/workspace/esg-saml/lib/fetched/logkit-1.0.1.jar:/Users/cinquini/Documents/workspace/esg-saml/lib/fetched/servlet-api-2.3.jar:/Users/cinquini/Documents/workspace/esg-saml/lib/fetched/stax-api-1.0-2.jar:/Users/cinquini/Documents/workspace/esg-saml/lib/hessian-3.0.20.jar:/Users/cinquini/Documents/workspace/esg-saml/lib/ivy-2.1.0.jar:/Users/cinquini/Documents/workspace/esg-saml/lib/jcl-over-slf4j-1.5.5.jar:/Users/cinquini/Documents/workspace/esg-saml/lib/jdom.jar:/Users/cinquini/Documents/workspace/esg-saml/lib/joda-time-1.5.2.jar:/Users/cinquini/Documents/workspace/esg-saml/lib/jstl.jar:/Users/cinquini/Documents/workspace/esg-saml/lib/log4j-1.2.15.jar:/Users/cinquini/Documents/workspace/esg-saml/lib/mail.jar:/Users/cinquini/Documents/workspace/esg-saml/lib/opensaml-2.2.3.jar:/Users/cinquini/Documents/workspace/esg-saml/lib/openws-1.2.2.jar:/Users/cinquini/Documents/workspace/esg-saml/lib/serializer-2.9.1.jar:/Users/cinquini/Documents/workspace/esg-saml/lib/slf4j-api-1.5.6.jar:/Users/cinquini/Documents/workspace/esg-saml/lib/slf4j-log4j12-1.5.6.jar:/Users/cinquini/Documents/workspace/esg-saml/lib/spring-aop.jar:/Users/cinquini/Documents/workspace/esg-saml/lib/spring-beans.jar:/Users/cinquini/Documents/workspace/esg-saml/lib/spring-context-support.jar:/Users/cinquini/Documents/workspace/esg-saml/lib/spring-context.jar:/Users/cinquini/Documents/workspace/esg-saml/lib/spring-core.jar:/Users/cinquini/Documents/workspace/esg-saml/lib/spring-jdbc.jar:/Users/cinquini/Documents/workspace/esg-saml/lib/spring-jms.jar:/Users/cinquini/Documents/workspace/esg-saml/lib/spring-orm.jar:/Users/cinquini/Documents/workspace/esg-saml/lib/spring-test.jar:/Users/cinquini/Documents/workspace/esg-saml/lib/spring-tx.jar:/Users/cinquini/Documents/workspace/esg-saml/lib/spring-web.jar:/Users/cinquini/Documents/workspace/esg-saml/lib/spring-webmvc-portlet.jar:/Users/cinquini/Documents/workspace/esg-saml/lib/spring-webmvc-struts.jar:/Users/cinquini/Documents/workspace/esg-saml/lib/spring-webmvc.jar:/Users/cinquini/Documents/workspace/esg-saml/lib/standard.jar:/Users/cinquini/Documents/workspace/esg-saml/lib/tiles-api-2.0.5.jar:/Users/cinquini/Documents/workspace/esg-saml/lib/tiles-core-2.0.5.jar:/Users/cinquini/Documents/workspace/esg-saml/lib/tiles-jsp-2.0.5.jar:/Users/cinquini/Documents/workspace/esg-saml/lib/velocity-1.5.jar:/Users/cinquini/Documents/workspace/esg-saml/lib/xalan-2.7.1.jar:/Users/cinquini/Documents/workspace/esg-saml/lib/xercesImpl-2.9.1.jar:/Users/cinquini/Documents/workspace/esg-saml/lib/xmlsec-1.4.2.jar:/Users/cinquini/Documents/workspace/esg-saml/lib/xmltooling-1.2.1.jar:/Users/cinquini/Documents/workspace/esg-saml/lib/xmlunit-1.2.jar:/Users/cinquini/Documents/workspace/esg-saml/lib/xsltc.jar:/Users/cinquini/Documents/workspace/esg-saml/build:/Users/cinquini/Documents/workspace/esg-saml/build/test:/Users/cinquini/myApplications/eclipse/plugins/org.apache.ant_1.7.1.v20090120-1145/lib/ant-launcher.jar:/Users/cinquini/myApplications/eclipse/plugins/org.apache.ant_1.7.1.v20090120-1145/lib/ant.jar:/Users/cinquini/myApplications/eclipse/plugins/org.apache.ant_1.7.1.v20090120-1145/lib/ant-junit.jar" />
    <property name="ivy.default.ivy.user.dir" value="/Users/cinquini/.ivy2" />
    <property name="DSTAMP" value="20100721" />
    <property name="release_name" value="Flatbush" />
    <property name="user.home.ivy.instance" value="/Users/cinquini" />
    <property name="basedir.ivy.instance" value="/Users/cinquini/Documents/workspace/esg-saml" />
    <property name="ant.library.dir" value="/Users/cinquini/myApplications/eclipse/plugins/org.apache.ant_1.7.1.v20090120-1145/lib" />
    <property name="os.arch" value="x86_64" />
    <property name="java.awt.graphicsenv.ivy.instance" value="apple.awt.CGraphicsEnvironment" />
    <property name="env.Apple_PubSub_Socket_Render" value="/tmp/launch-H3cahN/Render" />
    <property name="java.vendor.url.bug.ivy.instance" value="http://bugreport.apple.com/" />
    <property name="java.vm.specification.version.ivy.instance" value="1.0" />
    <property name="sun.java.launcher" value="SUN_STANDARD" />
    <property name="db.driver" value="org.postgresql.Driver" />
    <property name="java.awt.printerjob.ivy.instance" value="apple.awt.CPrinterJob" />
    <property name="ivy.settings.dir.ivy.instance" value="jar:file:/Users/cinquini/Documents/workspace/esg-saml/lib/ivy-2.1.0.jar!/org/apache/ivy/core/settings" />
    <property name="ivy.resolver.default.check.modified.ivy.instance" value="false" />
    <property name="ant.core.lib" value="/Users/cinquini/myApplications/eclipse/plugins/org.apache.ant_1.7.1.v20090120-1145/lib/ant.jar" />
    <property name="module" value="esg-saml" />
    <property name="java.vm.specification.vendor" value="Sun Microsystems Inc." />
    <property name="ivy.settings.dir" value="jar:file:/Users/cinquini/Documents/workspace/esg-saml/lib/ivy-2.1.0.jar!/org/apache/ivy/core/settings" />
    <property name="gopherProxySet.ivy.instance" value="false" />
    <property name="TSTAMP" value="0547" />
    <property name="file.separator" value="/" />
    <property name="user.language.ivy.instance" value="en" />
    <property name="ivy.shared.default.artifact.pattern.ivy.instance" value="[organisation]/[module]/[revision]/[type]s/[artifact].[ext]" />
    <property name="user.country.ivy.instance" value="US" />
    <property name="ivy.conf.url.ivy.instance" value="jar:file:/Users/cinquini/Documents/workspace/esg-saml/lib/ivy-2.1.0.jar!/org/apache/ivy/core/settings/ivysettings.xml" />
    <property name="author" value="Gavin M. Bell" />
    <property name="java.specification.name.ivy.instance" value="Java Platform API Specification" />
    <property name="lib_fetched_dir" value="/Users/cinquini/Documents/workspace/esg-saml/lib/fetched" />
    <property name="java.runtime.version" value="1.6.0_20-b02-279-10M3065" />
    <property name="sun.boot.class.path" value="/System/Library/Frameworks/JavaVM.framework/Versions/1.6.0/Classes/jsfd.jar:/System/Library/Frameworks/JavaVM.framework/Versions/1.6.0/Classes/classes.jar:/System/Library/Frameworks/JavaVM.framework/Frameworks/JavaRuntimeSupport.framework/Resources/Java/JavaRuntimeSupport.jar:/System/Library/Frameworks/JavaVM.framework/Versions/1.6.0/Classes/ui.jar:/System/Library/Frameworks/JavaVM.framework/Versions/1.6.0/Classes/laf.jar:/System/Library/Frameworks/JavaVM.framework/Versions/1.6.0/Classes/sunrsasign.jar:/System/Library/Frameworks/JavaVM.framework/Versions/1.6.0/Classes/jsse.jar:/System/Library/Frameworks/JavaVM.framework/Versions/1.6.0/Classes/jce.jar:/System/Library/Frameworks/JavaVM.framework/Versions/1.6.0/Classes/charsets.jar" />
    <property name="env.SSH_AUTH_SOCK" value="/tmp/launch-9QodTp/Listeners" />
    <property name="version_num" value="0.0.1" />
    <property name="organization" value="Earth Systems Grid Federation" />
    <property name="db.password" value="&lt;password&gt;" />
    <property name="ivy.conf.dir" value="jar:file:/Users/cinquini/Documents/workspace/esg-saml/lib/ivy-2.1.0.jar!/org/apache/ivy/core/settings" />
    <property name="ivy.retrieve.pattern" value="/Users/cinquini/Documents/workspace/esg-saml/lib/fetched/[artifact]-[revision](-[classifier]).[ext]" />
    <property name="test_build_dir" value="/Users/cinquini/Documents/workspace/esg-saml/build/test" />
    <property name="env.ANT_HOME" value="/Users/cinquini/myApplications/eclipse/plugins/org.apache.ant_1.7.1.v20090120-1145" />
    <property name="user.country" value="US" />
    <property name="ivy.shared.default.root" value="/Users/cinquini/.ivy2/shared" />
    <property name="env.SHELL" value="/bin/bash" />
    <property name="java.version.ivy.instance" value="1.6.0_20" />
    <property name="ivy.resolved.file" value="/Users/cinquini/Documents/workspace/esg-saml/ivy.xml" />
    <property name="env.JAVA_STARTED_ON_FIRST_THREAD_4298" value="1" />
    <property name="os.arch.ivy.instance" value="x86_64" />
    <property name="log_dir" value="/esg/logs" />
    <property name="java.vendor" value="Apple Inc." />
    <property name="ivy.project.dir" value="/Users/cinquini/Documents/workspace/esg-saml" />
    <property name="awt.nativeDoubleBuffering" value="true" />
    <property name="java.specification.version" value="1.6" />
    <property name="sun.arch.data.model" value="64" />
    <property name="ivy.buildlist.ivyfilepath" value="ivy.xml" />
  </properties>
  <testcase classname="esg.saml.auth.service.impl.SAMLStatementFacadeImplTest" name="testBuildUnsignedAuthenticationStatement" time="1.468" />
  <testcase classname="esg.saml.auth.service.impl.SAMLStatementFacadeImplTest" name="testBuildSignedAuthenticationStatement" time="0.042" />
  <testcase classname="esg.saml.auth.service.impl.SAMLStatementFacadeImplTest" name="testBuildSignedAuthenticationStatementWithNoCredential" time="0.0" />
  <testcase classname="esg.saml.auth.service.impl.SAMLStatementFacadeImplTest" name="testParseAuthenticationStatement" time="0.0080" />
  <testcase classname="esg.saml.auth.service.impl.SAMLStatementFacadeImplTest" name="testParseSignedAuthenticationStatement" time="0.054" />
  <testcase classname="esg.saml.auth.service.impl.SAMLStatementFacadeImplTest" name="testParseUnsignedAuthenticationStatement" time="0.0050" />
  <testcase classname="esg.saml.auth.service.impl.SAMLStatementFacadeImplTest" name="testParseInvalidSignedAuthenticationStatement" time="0.013" />
  <testcase classname="esg.saml.auth.service.impl.SAMLStatementFacadeImplTest" name="testParseSignedAuthenticationStatementWithNoTrustore" time="0.0030" />
  <system-out><![CDATA[[INFO] org.opensaml.xml.XMLConfigurator: Preparing to load ObjectProviders
[INFO] org.opensaml.xml.XMLConfigurator: ObjectProviders load complete
[INFO] org.opensaml.xml.XMLConfigurator: Preparing to load ObjectProviders
[INFO] org.opensaml.xml.XMLConfigurator: ObjectProviders load complete
[INFO] org.opensaml.xml.XMLConfigurator: Preparing to load ObjectProviders
[INFO] org.opensaml.xml.XMLConfigurator: ObjectProviders load complete
[INFO] org.opensaml.xml.XMLConfigurator: Preparing to load ValidatorSuites
[INFO] org.opensaml.xml.XMLConfigurator: ValidatorSuites load complete
[INFO] org.opensaml.xml.XMLConfigurator: Preparing to load ObjectProviders
[INFO] org.opensaml.xml.XMLConfigurator: ObjectProviders load complete
[INFO] org.opensaml.xml.XMLConfigurator: Preparing to load ValidatorSuites
[INFO] org.opensaml.xml.XMLConfigurator: ValidatorSuites load complete
[INFO] org.opensaml.xml.XMLConfigurator: Preparing to load ObjectProviders
[INFO] org.opensaml.xml.XMLConfigurator: ObjectProviders load complete
[INFO] org.opensaml.xml.XMLConfigurator: Preparing to load ObjectProviders
[INFO] org.opensaml.xml.XMLConfigurator: ObjectProviders load complete
[INFO] org.opensaml.xml.XMLConfigurator: Preparing to load ObjectProviders
[INFO] org.opensaml.xml.XMLConfigurator: ObjectProviders load complete
[INFO] org.opensaml.xml.XMLConfigurator: Preparing to load ObjectProviders
[INFO] org.opensaml.xml.XMLConfigurator: ObjectProviders load complete
[INFO] org.opensaml.xml.XMLConfigurator: Preparing to load ValidatorSuites
[INFO] org.opensaml.xml.XMLConfigurator: ValidatorSuites load complete
[INFO] org.opensaml.xml.XMLConfigurator: Preparing to load ObjectProviders
[INFO] org.opensaml.xml.XMLConfigurator: ObjectProviders load complete
[INFO] org.opensaml.xml.XMLConfigurator: Preparing to load ObjectProviders
[INFO] org.opensaml.xml.XMLConfigurator: ObjectProviders load complete
[INFO] org.opensaml.xml.XMLConfigurator: Preparing to load ValidatorSuites
[INFO] org.opensaml.xml.XMLConfigurator: ValidatorSuites load complete
[INFO] org.opensaml.xml.XMLConfigurator: Preparing to load ObjectProviders
[INFO] org.opensaml.xml.XMLConfigurator: ObjectProviders load complete
[INFO] org.opensaml.xml.XMLConfigurator: Preparing to load ObjectProviders
[INFO] org.opensaml.xml.XMLConfigurator: ObjectProviders load complete
[INFO] org.opensaml.xml.XMLConfigurator: Preparing to load ValidatorSuites
[INFO] org.opensaml.xml.XMLConfigurator: ValidatorSuites load complete
[INFO] org.opensaml.xml.XMLConfigurator: Preparing to load ObjectProviders
[INFO] org.opensaml.xml.XMLConfigurator: ObjectProviders load complete
[INFO] org.opensaml.xml.XMLConfigurator: Preparing to load ObjectProviders
[INFO] org.opensaml.xml.XMLConfigurator: ObjectProviders load complete
[INFO] org.opensaml.xml.XMLConfigurator: Preparing to load ObjectProviders
[INFO] org.opensaml.xml.XMLConfigurator: ObjectProviders load complete
[INFO] org.opensaml.xml.XMLConfigurator: Preparing to load ObjectProviders
[INFO] org.opensaml.xml.XMLConfigurator: ObjectProviders load complete
[INFO] org.opensaml.xml.XMLConfigurator: Preparing to load ObjectProviders
[INFO] org.opensaml.xml.XMLConfigurator: ObjectProviders load complete
[INFO] org.opensaml.xml.XMLConfigurator: Preparing to load ObjectProviders
[INFO] org.opensaml.xml.XMLConfigurator: ObjectProviders load complete
[INFO] org.opensaml.xml.XMLConfigurator: Preparing to load ObjectProviders
[INFO] org.opensaml.xml.XMLConfigurator: ObjectProviders load complete
[INFO] org.opensaml.xml.XMLConfigurator: Preparing to load ObjectProviders
[INFO] org.opensaml.xml.XMLConfigurator: ObjectProviders load complete
[INFO] esg.saml.common.SAMLBuilder: SAML libraries initialized correctly
[DEBUG] esg.saml.auth.service.impl.SAMLStatementFacadeImplTest: <?xml version="1.0" encoding="UTF-8"?>
<saml:Assertion Version="2.0" xmlns:saml="urn:oasis:names:tc:SAML:2.0:assertion"><saml:Issuer Format="urn:oasis:names:tc:SAML:1.1:nameid-format:x509SubjectName">Test SAML Issuer</saml:Issuer><saml:Subject><saml:NameID Format="urn:esg:openid">Test Openid</saml:NameID></saml:Subject><saml:AuthnStatement><saml:AuthnContext><saml:AuthnContextClassRef>urn:oasis:names:tc:SAML:2.0:ac:classes:X509</saml:AuthnContextClassRef></saml:AuthnContext></saml:AuthnStatement></saml:Assertion>
[DEBUG] esg.saml.common.SecurityManager: Keystore alias=tomcat
[DEBUG] esg.saml.common.SecurityManager: Private key=Sun RSA private CRT key, 1024 bits
  modulus:          129408685500683016740861667555763060319269041708485883214125586091952210067224947587585184570161894960170062430338482581995557409117473846130375077697928500698387724516579599404828023017645928667628958720124701100049200461166335472696890532927023533238119528338718075041811086002182026458842678319593433279261
  public exponent:  65537
  private exponent: 23319904416788477161139147257786620418550854976230500034466380391930597996458895448515815947840334154441131533367372313248508979685938723511905178259800346718994901444447055975162706703739015125751310539693078650225546068253099034213952825269681118597695261371792639371456636449090825750871547211884623185473
  prime p:          12699272589832540424143428898900506911426927695442228906722717693432035707705720508407664119650069501038092199442211308482185827107786497245922651586608681
  prime q:          10190243936041809987501514423927219979620348711301615921769386408580773019688629233411486520185494007622801711333381971394420583077246869683910465762868181
  prime exponent p: 4791414213784415323676618801335319504994943941974762259128929313296213542646739261964940578399793529642322746167928941282619115108934444930343613619513753
  prime exponent q: 5146355399165537436353893592980196330095584198951140329565331817922798196524928671856407538414933253952721226814048193985268359227470236550316135859429193
  crt coefficient:  3303273783485475066483534621439001011351839472228840390514195923660164072015932832492050619978685570082609384537906521743510172270362206794670258825825697
[DEBUG] esg.saml.common.SecurityManager: Public key=Sun RSA public key, 1024 bits
  modulus: 129408685500683016740861667555763060319269041708485883214125586091952210067224947587585184570161894960170062430338482581995557409117473846130375077697928500698387724516579599404828023017645928667628958720124701100049200461166335472696890532927023533238119528338718075041811086002182026458842678319593433279261
  public exponent: 65537
[DEBUG] esg.saml.auth.service.impl.SAMLAuthenticationStatementFacadeImpl: Set signinig credential CN=localhost, OU=CISL, O=NCAR, L=Boulder, ST=CO, C=US
[DEBUG] esg.saml.auth.service.impl.SAMLStatementFacadeImplTest: <?xml version="1.0" encoding="UTF-8"?>
<saml:Assertion Version="2.0" xmlns:saml="urn:oasis:names:tc:SAML:2.0:assertion"><saml:Issuer Format="urn:oasis:names:tc:SAML:1.1:nameid-format:x509SubjectName">Test SAML Issuer</saml:Issuer><ds:Signature xmlns:ds="http://www.w3.org/2000/09/xmldsig#">
<ds:SignedInfo>
<ds:CanonicalizationMethod Algorithm="http://www.w3.org/2001/10/xml-exc-c14n#"/>
<ds:SignatureMethod Algorithm="http://www.w3.org/2000/09/xmldsig#rsa-sha1"/>
<ds:Reference URI="">
<ds:Transforms>
<ds:Transform Algorithm="http://www.w3.org/2000/09/xmldsig#enveloped-signature"/>
<ds:Transform Algorithm="http://www.w3.org/2001/10/xml-exc-c14n#"><ec:InclusiveNamespaces PrefixList="ds saml" xmlns:ec="http://www.w3.org/2001/10/xml-exc-c14n#"/></ds:Transform>
</ds:Transforms>
<ds:DigestMethod Algorithm="http://www.w3.org/2000/09/xmldsig#sha1"/>
<ds:DigestValue>ZDiXdqQXDaDsOdYWENt0fUJexP4=</ds:DigestValue>
</ds:Reference>
</ds:SignedInfo>
<ds:SignatureValue>
ml87cInW68qMqofNUzYmeneSYU1odcQRKCoJRwCsLY4rMVu/ERGPv6vghB4qaOrzYttk88XxqoIw
pWNlVG3JKsddLPLR3VEmrwn7W8VxB7DX1G5ZI/OCsRLAh1VOvKQcFhHdWfU7QhI0/8ozsvagvxvN
CVlqxz+UdJ/jb+JCI7s=
</ds:SignatureValue>
</ds:Signature><saml:Subject><saml:NameID Format="urn:esg:openid">Test Openid</saml:NameID></saml:Subject><saml:AuthnStatement><saml:AuthnContext><saml:AuthnContextClassRef>urn:oasis:names:tc:SAML:2.0:ac:classes:X509</saml:AuthnContextClassRef></saml:AuthnContext></saml:AuthnStatement></saml:Assertion>
[DEBUG] esg.saml.common.SecurityManager: Trusted Certificate Alias=simpleca-vetswebdev.ucar.edu
[DEBUG] esg.saml.common.SecurityManager: Trusted Certificate Alias=pcmdi3.llnl.gov-1
[DEBUG] esg.saml.common.SecurityManager: Trusted Certificate Alias=esg.prototype.ucar.edu-1
[DEBUG] esg.saml.common.SecurityManager: Trusted Certificate Alias=simpleca-vetswebprod.ucar.edu
[DEBUG] esg.saml.common.SecurityManager: Trusted Certificate Alias=esnet
[DEBUG] esg.saml.common.SecurityManager: Trusted Certificate Alias=localhost-1
[DEBUG] esg.saml.common.SecurityManager: Trusted Certificate Alias=simpleca-vetsproc.ucar.edu
[DEBUG] esg.saml.common.SecurityManager: Trusted Certificate Alias=doegrids
[INFO] org.opensaml.xml.security.credential.criteria.EvaluableEntityIDCredentialCriteria: Could not evaluate criteria, credential contained no entity ID
[WARN] org.apache.xml.security.signature.XMLSignature: Signature verification failed.
[INFO] org.opensaml.xml.security.credential.criteria.EvaluableEntityIDCredentialCriteria: Could not evaluate criteria, credential contained no entity ID
[WARN] org.apache.xml.security.signature.XMLSignature: Signature verification failed.
[INFO] org.opensaml.xml.security.credential.criteria.EvaluableEntityIDCredentialCriteria: Could not evaluate criteria, credential contained no entity ID
[INFO] org.apache.xml.security.signature.Reference: Verification successful for URI ""
[DEBUG] esg.saml.common.SAMLBuilder: Validated assertion signature: result=true
[DEBUG] esg.saml.common.SecurityManager: Trusted Certificate Alias=simpleca-vetswebdev.ucar.edu
[DEBUG] esg.saml.common.SecurityManager: Trusted Certificate Alias=pcmdi3.llnl.gov-1
[DEBUG] esg.saml.common.SecurityManager: Trusted Certificate Alias=esg.prototype.ucar.edu-1
[DEBUG] esg.saml.common.SecurityManager: Trusted Certificate Alias=simpleca-vetswebprod.ucar.edu
[DEBUG] esg.saml.common.SecurityManager: Trusted Certificate Alias=esnet
[DEBUG] esg.saml.common.SecurityManager: Trusted Certificate Alias=localhost-1
[DEBUG] esg.saml.common.SecurityManager: Trusted Certificate Alias=simpleca-vetsproc.ucar.edu
[DEBUG] esg.saml.common.SecurityManager: Trusted Certificate Alias=doegrids
[DEBUG] esg.saml.common.SecurityManager: Trusted Certificate Alias=simpleca-vetswebdev.ucar.edu
[DEBUG] esg.saml.common.SecurityManager: Trusted Certificate Alias=pcmdi3.llnl.gov-1
[DEBUG] esg.saml.common.SecurityManager: Trusted Certificate Alias=esg.prototype.ucar.edu-1
[DEBUG] esg.saml.common.SecurityManager: Trusted Certificate Alias=simpleca-vetswebprod.ucar.edu
[DEBUG] esg.saml.common.SecurityManager: Trusted Certificate Alias=esnet
[DEBUG] esg.saml.common.SecurityManager: Trusted Certificate Alias=localhost-1
[DEBUG] esg.saml.common.SecurityManager: Trusted Certificate Alias=simpleca-vetsproc.ucar.edu
[DEBUG] esg.saml.common.SecurityManager: Trusted Certificate Alias=doegrids
[INFO] org.opensaml.xml.security.credential.criteria.EvaluableEntityIDCredentialCriteria: Could not evaluate criteria, credential contained no entity ID
[WARN] org.apache.xml.security.signature.XMLSignature: Signature verification failed.
[INFO] org.opensaml.xml.security.credential.criteria.EvaluableEntityIDCredentialCriteria: Could not evaluate criteria, credential contained no entity ID
[WARN] org.apache.xml.security.signature.XMLSignature: Signature verification failed.
[INFO] org.opensaml.xml.security.credential.criteria.EvaluableEntityIDCredentialCriteria: Could not evaluate criteria, credential contained no entity ID
[WARN] org.apache.xml.security.signature.XMLSignature: Signature verification failed.
[INFO] org.opensaml.xml.security.credential.criteria.EvaluableEntityIDCredentialCriteria: Could not evaluate criteria, credential contained no entity ID
[WARN] org.apache.xml.security.signature.XMLSignature: Signature verification failed.
[INFO] org.opensaml.xml.security.credential.criteria.EvaluableEntityIDCredentialCriteria: Could not evaluate criteria, credential contained no entity ID
[WARN] org.apache.xml.security.signature.XMLSignature: Signature verification failed.
[INFO] org.opensaml.xml.security.credential.criteria.EvaluableEntityIDCredentialCriteria: Could not evaluate criteria, credential contained no entity ID
[WARN] org.apache.xml.security.signature.XMLSignature: Signature verification failed.
[INFO] org.opensaml.xml.security.credential.criteria.EvaluableEntityIDCredentialCriteria: Could not evaluate criteria, credential contained no entity ID
[WARN] org.apache.xml.security.signature.XMLSignature: Signature verification failed.
[INFO] org.opensaml.xml.security.credential.criteria.EvaluableEntityIDCredentialCriteria: Could not evaluate criteria, credential contained no entity ID
[WARN] org.apache.xml.security.signature.XMLSignature: Signature verification failed.
[ERROR] org.opensaml.xml.signature.impl.ExplicitKeySignatureTrustEngine: Failed to verify signature using either KeyInfo-derived or directly trusted credentials
[DEBUG] esg.saml.common.SAMLBuilder: Validated assertion signature: result=false
[ERROR] org.opensaml.xml.signature.impl.ExplicitKeySignatureTrustEngine: Failed to verify signature using either KeyInfo-derived or directly trusted credentials
[DEBUG] esg.saml.common.SAMLBuilder: Validated assertion signature: result=false
]]></system-out>
  <system-err><![CDATA[]]></system-err>
</testsuite>
